<?xml version="1.0" encoding="UTF-8"?>
<Site BuildName="(empty)"
	BuildStamp="20240207-0502-Experimental"
	Name="(empty)"
	Generator="ctest-3.28.3"
	CompilerName=""
	CompilerVersion=""
	OSName="Linux"
	Hostname="risksis-System-Product-Name"
	OSRelease="6.5.0-15-generic"
	OSVersion="#15~22.04.1-Ubuntu SMP PREEMPT_DYNAMIC Fri Jan 12 18:54:30 UTC 2"
	OSPlatform="x86_64"
	Is64Bits="1"
	VendorString="GenuineIntel"
	VendorID="Intel Corporation"
	FamilyID="6"
	ModelID="183"
	ProcessorCacheSize="36864"
	NumberOfLogicalCPU="32"
	NumberOfPhysicalCPU="24"
	TotalVirtualMemory="2047"
	TotalPhysicalMemory="128543"
	LogicalProcessorsPerPhysical="1"
	ProcessorClockFrequency="800"
	>
	<Testing>
		<StartDateTime>Feb 07 16:08 HKT</StartDateTime>
		<StartTestTime>1707293281</StartTestTime>
		<TestList/>
		<EndDateTime>Feb 07 16:08 HKT</EndDateTime>
		<EndTestTime>1707293281</EndTestTime>
		<ElapsedMinutes>0</ElapsedMinutes>
	</Testing>
</Site>
